[2022-06-25T11:30:44.507] [ERROR] error - 参数异常
[2022-06-25T11:31:24.281] [ERROR] error - 参数异常
[2022-06-25T11:31:32.911] [ERROR] error - 参数异常
[2022-06-25T11:35:06.651] [ERROR] error - 竞赛暂未开始
[2022-06-25T11:45:10.485] [ERROR] error - 系统错误
[2022-06-25T11:46:34.252] [ERROR] error - Token 认证失败
[2022-06-25T13:47:32.074] [ERROR] error - Token 认证失败
[2022-06-25T13:47:51.404] [ERROR] error - 参数异常
[2022-06-25T14:27:00.274] [ERROR] error - 竞赛信息异常
[2022-06-25T14:35:00.159] [ERROR] error - 竞赛信息异常
[2022-06-25T14:35:07.604] [ERROR] error - 竞赛信息异常
[2022-06-25T14:35:38.541] [ERROR] error - 竞赛信息异常
[2022-06-25T14:36:08.057] [ERROR] error - 竞赛信息异常
[2022-06-25T14:36:46.969] [ERROR] error - 竞赛信息异常
[2022-06-25T14:39:10.191] [ERROR] error - 竞赛信息异常
[2022-06-25T14:39:12.608] [ERROR] error - 竞赛信息异常
[2022-06-25T14:40:36.968] [ERROR] error - 竞赛信息异常
[2022-06-25T14:40:59.006] [ERROR] error - 竞赛信息异常
[2022-06-25T14:42:13.704] [ERROR] error - 你不能参加当前轮次比赛
[2022-06-25T14:51:08.146] [ERROR] error - 系统错误
[2022-06-25T15:18:55.417] [ERROR] error - 竞赛不存在
[2022-06-25T15:57:00.293] [ERROR] error - 你不能参加当前轮次比赛
[2022-06-25T16:11:00.319] [ERROR] error - 你不能参加当前轮次比赛
[2022-06-25T16:36:45.235] [ERROR] error - 系统错误
