[2022-06-27T09:21:11.480] [ERROR] error - 参数异常
[2022-06-27T09:23:46.720] [ERROR] error - 参数异常
[2022-06-27T09:23:55.150] [ERROR] error - 参数异常
[2022-06-27T09:33:42.729] [ERROR] error - 参数异常
[2022-06-27T09:34:06.150] [ERROR] error - 参数异常
[2022-06-27T09:34:06.684] [ERROR] error - 参数异常
[2022-06-27T09:40:00.292] [ERROR] error - 参数异常
[2022-06-27T09:40:00.450] [ERROR] error - 参数异常
[2022-06-27T09:40:01.411] [ERROR] error - 参数异常
[2022-06-27T09:40:01.427] [ERROR] error - 参数异常
[2022-06-27T09:53:00.519] [ERROR] error - 你不能参加当前轮次比赛
[2022-06-27T09:53:00.704] [ERROR] error - 你不能参加当前轮次比赛
[2022-06-27T09:58:00.220] [ERROR] error - 你不能参加终极排位赛
[2022-06-27T09:58:00.350] [ERROR] error - 你不能参加终极排位赛
[2022-06-27T09:58:00.352] [ERROR] error - 你不能参加终极排位赛
[2022-06-27T09:58:00.384] [ERROR] error - 你不能参加终极排位赛
[2022-06-27T10:09:00.493] [ERROR] error - 你不能参加当前轮次比赛
[2022-06-27T10:09:00.680] [ERROR] error - 你不能参加当前轮次比赛
[2022-06-27T10:38:00.210] [ERROR] error - 你不能参加当前轮次比赛
[2022-06-27T10:38:00.414] [ERROR] error - 你不能参加当前轮次比赛
[2022-06-27T11:03:40.804] [ERROR] error - 你不能参加当前轮次比赛
[2022-06-27T11:03:41.139] [ERROR] error - 你不能参加终极排位赛
[2022-06-27T11:03:41.165] [ERROR] error - 你不能参加当前轮次比赛
[2022-06-27T11:07:00.155] [ERROR] error - 你不能参加当前轮次比赛
[2022-06-27T11:07:00.365] [ERROR] error - 你不能参加当前轮次比赛
[2022-06-27T14:12:00.215] [ERROR] error - 你不能参加当前轮次比赛
[2022-06-27T14:12:00.389] [ERROR] error - 你不能参加当前轮次比赛
[2022-06-27T14:29:00.163] [ERROR] error - 你不能参加当前轮次比赛
[2022-06-27T14:29:00.289] [ERROR] error - 你不能参加当前轮次比赛
[2022-06-27T14:49:33.701] [ERROR] error - 你不能参加当前轮次比赛
[2022-06-27T15:02:07.608] [ERROR] error - 你不能参加当前轮次比赛
[2022-06-27T16:07:39.685] [ERROR] error - Token 认证失败
[2022-06-27T16:23:19.249] [ERROR] error - 你不能参加当前轮次比赛
[2022-06-27T17:02:00.149] [ERROR] error - 你不能参加当前轮次比赛
[2022-06-27T17:02:00.516] [ERROR] error - 你不能参加当前轮次比赛
[2022-06-27T17:39:18.924] [ERROR] error - 系统错误
[2022-06-27T18:08:55.321] [ERROR] error - 系统错误
[2022-06-27T18:09:00.239] [ERROR] error - 系统错误
[2022-06-27T18:11:21.928] [ERROR] error - 系统错误
[2022-06-27T18:11:26.095] [ERROR] error - 系统错误
[2022-06-27T18:15:00.843] [ERROR] error - 你不能参加当前轮次比赛
[2022-06-27T18:16:31.654] [ERROR] error - 系统错误
[2022-06-27T18:21:07.936] [ERROR] error - 系统错误
[2022-06-27T18:21:59.101] [ERROR] error - 系统错误
[2022-06-27T18:22:05.073] [ERROR] error - 系统错误
[2022-06-27T18:22:09.112] [ERROR] error - 系统错误
[2022-06-27T20:25:59.389] [ERROR] error - 你不能参加当前轮次比赛
[2022-06-27T20:25:59.735] [ERROR] error - 你不能参加当前轮次比赛
[2022-06-27T22:17:06.415] [ERROR] error - 系统错误
[2022-06-27T22:17:38.572] [ERROR] error - 系统错误
[2022-06-27T22:17:43.332] [ERROR] error - 系统错误
[2022-06-27T22:24:19.409] [ERROR] error - 竞赛信息异常
[2022-06-27T22:24:20.991] [ERROR] error - 竞赛信息异常
[2022-06-27T22:24:23.038] [ERROR] error - 竞赛信息异常
[2022-06-27T22:24:24.241] [ERROR] error - 竞赛信息异常
[2022-06-27T22:24:54.264] [ERROR] error - 竞赛信息异常
[2022-06-27T22:25:15.746] [ERROR] error - 系统错误
[2022-06-27T22:25:24.666] [ERROR] error - 系统错误
[2022-06-27T22:25:34.292] [ERROR] error - 系统错误
[2022-06-27T22:30:33.772] [ERROR] error - 竞赛信息异常
[2022-06-27T22:30:39.727] [ERROR] error - 竞赛信息异常
[2022-06-27T22:46:00.592] [ERROR] error - 你不能参加当前轮次比赛
[2022-06-27T22:46:00.721] [ERROR] error - 你不能参加当前轮次比赛
