[2022-06-22T09:31:12.635] [ERROR] error - 查询异常TypeError: Cannot read properties of null (reading 'username')
    at /Users/ymfsder/WebstormProjects/bmj-online-server/routes/competes.js:301:46
    at processTicksAndRejections (node:internal/process/task_queues:96:5)
    at async /Users/ymfsder/WebstormProjects/bmj-online-server/app.js:58:5
    at async serve (/Users/ymfsder/WebstormProjects/bmj-online-server/node_modules/koa-static/index.js:53:9)
    at async logger (/Users/ymfsder/WebstormProjects/bmj-online-server/node_modules/koa-logger/index.js:67:7)
    at async bodyParser (/Users/ymfsder/WebstormProjects/bmj-online-server/node_modules/koa-bodyparser/index.js:95:5)
[2022-06-22T09:31:18.094] [ERROR] error - 查询异常TypeError: Cannot read properties of null (reading 'username')
    at /Users/ymfsder/WebstormProjects/bmj-online-server/routes/competes.js:301:46
    at processTicksAndRejections (node:internal/process/task_queues:96:5)
    at async /Users/ymfsder/WebstormProjects/bmj-online-server/app.js:58:5
    at async serve (/Users/ymfsder/WebstormProjects/bmj-online-server/node_modules/koa-static/index.js:53:9)
    at async logger (/Users/ymfsder/WebstormProjects/bmj-online-server/node_modules/koa-logger/index.js:67:7)
    at async bodyParser (/Users/ymfsder/WebstormProjects/bmj-online-server/node_modules/koa-bodyparser/index.js:95:5)
[2022-06-22T09:46:32.863] [ERROR] error - 查询异常TypeError: Cannot read properties of undefined (reading 'arrayIndex')
    at /Users/ymfsder/WebstormProjects/bmj-online-server/routes/competes.js:311:46
    at processTicksAndRejections (node:internal/process/task_queues:96:5)
    at async /Users/ymfsder/WebstormProjects/bmj-online-server/app.js:58:5
    at async serve (/Users/ymfsder/WebstormProjects/bmj-online-server/node_modules/koa-static/index.js:53:9)
    at async logger (/Users/ymfsder/WebstormProjects/bmj-online-server/node_modules/koa-logger/index.js:67:7)
    at async bodyParser (/Users/ymfsder/WebstormProjects/bmj-online-server/node_modules/koa-bodyparser/index.js:95:5)
[2022-06-22T09:46:35.680] [ERROR] error - 查询异常TypeError: Cannot read properties of undefined (reading 'arrayIndex')
    at /Users/ymfsder/WebstormProjects/bmj-online-server/routes/competes.js:311:46
    at processTicksAndRejections (node:internal/process/task_queues:96:5)
    at async /Users/ymfsder/WebstormProjects/bmj-online-server/app.js:58:5
    at async serve (/Users/ymfsder/WebstormProjects/bmj-online-server/node_modules/koa-static/index.js:53:9)
    at async logger (/Users/ymfsder/WebstormProjects/bmj-online-server/node_modules/koa-logger/index.js:67:7)
    at async bodyParser (/Users/ymfsder/WebstormProjects/bmj-online-server/node_modules/koa-bodyparser/index.js:95:5)
[2022-06-22T09:55:21.240] [ERROR] error - 查询异常TypeError: Cannot read properties of undefined (reading 'arrayIndex')
    at /Users/ymfsder/WebstormProjects/bmj-online-server/routes/competes.js:320:41
    at processTicksAndRejections (node:internal/process/task_queues:96:5)
    at async /Users/ymfsder/WebstormProjects/bmj-online-server/app.js:58:5
    at async serve (/Users/ymfsder/WebstormProjects/bmj-online-server/node_modules/koa-static/index.js:53:9)
    at async logger (/Users/ymfsder/WebstormProjects/bmj-online-server/node_modules/koa-logger/index.js:67:7)
    at async bodyParser (/Users/ymfsder/WebstormProjects/bmj-online-server/node_modules/koa-bodyparser/index.js:95:5)
[2022-06-22T09:55:51.664] [ERROR] error - 查询异常TypeError: Cannot read properties of undefined (reading 'arrayIndex')
    at /Users/ymfsder/WebstormProjects/bmj-online-server/routes/competes.js:320:41
    at processTicksAndRejections (node:internal/process/task_queues:96:5)
    at async /Users/ymfsder/WebstormProjects/bmj-online-server/app.js:58:5
    at async serve (/Users/ymfsder/WebstormProjects/bmj-online-server/node_modules/koa-static/index.js:53:9)
    at async logger (/Users/ymfsder/WebstormProjects/bmj-online-server/node_modules/koa-logger/index.js:67:7)
    at async bodyParser (/Users/ymfsder/WebstormProjects/bmj-online-server/node_modules/koa-bodyparser/index.js:95:5)
[2022-06-22T09:56:24.555] [ERROR] error - 查询异常TypeError: Cannot read properties of undefined (reading 'arrayIndex')
    at /Users/ymfsder/WebstormProjects/bmj-online-server/routes/competes.js:320:41
    at processTicksAndRejections (node:internal/process/task_queues:96:5)
    at async /Users/ymfsder/WebstormProjects/bmj-online-server/app.js:58:5
    at async serve (/Users/ymfsder/WebstormProjects/bmj-online-server/node_modules/koa-static/index.js:53:9)
    at async logger (/Users/ymfsder/WebstormProjects/bmj-online-server/node_modules/koa-logger/index.js:67:7)
    at async bodyParser (/Users/ymfsder/WebstormProjects/bmj-online-server/node_modules/koa-bodyparser/index.js:95:5)
[2022-06-22T09:56:27.064] [ERROR] error - 查询异常TypeError: Cannot read properties of undefined (reading 'arrayIndex')
    at /Users/ymfsder/WebstormProjects/bmj-online-server/routes/competes.js:320:41
    at processTicksAndRejections (node:internal/process/task_queues:96:5)
    at async /Users/ymfsder/WebstormProjects/bmj-online-server/app.js:58:5
    at async serve (/Users/ymfsder/WebstormProjects/bmj-online-server/node_modules/koa-static/index.js:53:9)
    at async logger (/Users/ymfsder/WebstormProjects/bmj-online-server/node_modules/koa-logger/index.js:67:7)
    at async bodyParser (/Users/ymfsder/WebstormProjects/bmj-online-server/node_modules/koa-bodyparser/index.js:95:5)
[2022-06-22T09:58:29.946] [ERROR] error - 查询异常TypeError: Cannot read properties of undefined (reading 'arrayIndex')
    at /Users/ymfsder/WebstormProjects/bmj-online-server/routes/competes.js:320:41
    at processTicksAndRejections (node:internal/process/task_queues:96:5)
    at async /Users/ymfsder/WebstormProjects/bmj-online-server/app.js:58:5
    at async serve (/Users/ymfsder/WebstormProjects/bmj-online-server/node_modules/koa-static/index.js:53:9)
    at async logger (/Users/ymfsder/WebstormProjects/bmj-online-server/node_modules/koa-logger/index.js:67:7)
    at async bodyParser (/Users/ymfsder/WebstormProjects/bmj-online-server/node_modules/koa-bodyparser/index.js:95:5)
[2022-06-22T10:00:23.540] [ERROR] error - 查询异常TypeError: Cannot read properties of undefined (reading 'arrayIndex')
    at /Users/ymfsder/WebstormProjects/bmj-online-server/routes/competes.js:321:41
    at processTicksAndRejections (node:internal/process/task_queues:96:5)
    at async /Users/ymfsder/WebstormProjects/bmj-online-server/app.js:58:5
    at async serve (/Users/ymfsder/WebstormProjects/bmj-online-server/node_modules/koa-static/index.js:53:9)
    at async logger (/Users/ymfsder/WebstormProjects/bmj-online-server/node_modules/koa-logger/index.js:67:7)
    at async bodyParser (/Users/ymfsder/WebstormProjects/bmj-online-server/node_modules/koa-bodyparser/index.js:95:5)
[2022-06-22T10:01:03.032] [ERROR] error - 查询异常TypeError: Cannot read properties of undefined (reading 'arrayIndex')
    at /Users/ymfsder/WebstormProjects/bmj-online-server/routes/competes.js:321:41
    at processTicksAndRejections (node:internal/process/task_queues:96:5)
    at async /Users/ymfsder/WebstormProjects/bmj-online-server/app.js:58:5
    at async serve (/Users/ymfsder/WebstormProjects/bmj-online-server/node_modules/koa-static/index.js:53:9)
    at async logger (/Users/ymfsder/WebstormProjects/bmj-online-server/node_modules/koa-logger/index.js:67:7)
    at async bodyParser (/Users/ymfsder/WebstormProjects/bmj-online-server/node_modules/koa-bodyparser/index.js:95:5)
[2022-06-22T10:02:00.650] [ERROR] error - 查询异常TypeError: Cannot read properties of undefined (reading 'arrayIndex')
    at /Users/ymfsder/WebstormProjects/bmj-online-server/routes/competes.js:321:42
    at processTicksAndRejections (node:internal/process/task_queues:96:5)
    at async /Users/ymfsder/WebstormProjects/bmj-online-server/app.js:58:5
    at async serve (/Users/ymfsder/WebstormProjects/bmj-online-server/node_modules/koa-static/index.js:53:9)
    at async logger (/Users/ymfsder/WebstormProjects/bmj-online-server/node_modules/koa-logger/index.js:67:7)
    at async bodyParser (/Users/ymfsder/WebstormProjects/bmj-online-server/node_modules/koa-bodyparser/index.js:95:5)
[2022-06-22T10:02:32.716] [ERROR] error - 查询异常TypeError: Cannot read properties of undefined (reading 'arrayIndex')
    at /Users/ymfsder/WebstormProjects/bmj-online-server/routes/competes.js:323:42
    at processTicksAndRejections (node:internal/process/task_queues:96:5)
    at async /Users/ymfsder/WebstormProjects/bmj-online-server/app.js:58:5
    at async serve (/Users/ymfsder/WebstormProjects/bmj-online-server/node_modules/koa-static/index.js:53:9)
    at async logger (/Users/ymfsder/WebstormProjects/bmj-online-server/node_modules/koa-logger/index.js:67:7)
    at async bodyParser (/Users/ymfsder/WebstormProjects/bmj-online-server/node_modules/koa-bodyparser/index.js:95:5)
[2022-06-22T10:02:36.917] [ERROR] error - 查询异常TypeError: Cannot read properties of undefined (reading 'arrayIndex')
    at /Users/ymfsder/WebstormProjects/bmj-online-server/routes/competes.js:323:42
    at processTicksAndRejections (node:internal/process/task_queues:96:5)
    at async /Users/ymfsder/WebstormProjects/bmj-online-server/app.js:58:5
    at async serve (/Users/ymfsder/WebstormProjects/bmj-online-server/node_modules/koa-static/index.js:53:9)
    at async logger (/Users/ymfsder/WebstormProjects/bmj-online-server/node_modules/koa-logger/index.js:67:7)
    at async bodyParser (/Users/ymfsder/WebstormProjects/bmj-online-server/node_modules/koa-bodyparser/index.js:95:5)
[2022-06-22T10:03:02.555] [ERROR] error - 查询异常TypeError: Cannot read properties of undefined (reading 'arrayIndex')
    at /Users/ymfsder/WebstormProjects/bmj-online-server/routes/competes.js:323:42
    at processTicksAndRejections (node:internal/process/task_queues:96:5)
    at async /Users/ymfsder/WebstormProjects/bmj-online-server/app.js:58:5
    at async serve (/Users/ymfsder/WebstormProjects/bmj-online-server/node_modules/koa-static/index.js:53:9)
    at async logger (/Users/ymfsder/WebstormProjects/bmj-online-server/node_modules/koa-logger/index.js:67:7)
    at async bodyParser (/Users/ymfsder/WebstormProjects/bmj-online-server/node_modules/koa-bodyparser/index.js:95:5)
[2022-06-22T10:03:05.498] [ERROR] error - 查询异常TypeError: Cannot read properties of undefined (reading 'arrayIndex')
    at /Users/ymfsder/WebstormProjects/bmj-online-server/routes/competes.js:323:42
    at processTicksAndRejections (node:internal/process/task_queues:96:5)
    at async /Users/ymfsder/WebstormProjects/bmj-online-server/app.js:58:5
    at async serve (/Users/ymfsder/WebstormProjects/bmj-online-server/node_modules/koa-static/index.js:53:9)
    at async logger (/Users/ymfsder/WebstormProjects/bmj-online-server/node_modules/koa-logger/index.js:67:7)
    at async bodyParser (/Users/ymfsder/WebstormProjects/bmj-online-server/node_modules/koa-bodyparser/index.js:95:5)
[2022-06-22T10:04:12.522] [ERROR] error - 查询异常TypeError: Cannot read properties of undefined (reading 'arrayIndex')
    at /Users/ymfsder/WebstormProjects/bmj-online-server/routes/competes.js:321:42
    at processTicksAndRejections (node:internal/process/task_queues:96:5)
    at async /Users/ymfsder/WebstormProjects/bmj-online-server/app.js:58:5
    at async serve (/Users/ymfsder/WebstormProjects/bmj-online-server/node_modules/koa-static/index.js:53:9)
    at async logger (/Users/ymfsder/WebstormProjects/bmj-online-server/node_modules/koa-logger/index.js:67:7)
    at async bodyParser (/Users/ymfsder/WebstormProjects/bmj-online-server/node_modules/koa-bodyparser/index.js:95:5)
[2022-06-22T10:04:28.839] [ERROR] error - 查询异常TypeError: Cannot read properties of undefined (reading 'arrayIndex')
    at /Users/ymfsder/WebstormProjects/bmj-online-server/routes/competes.js:323:42
    at processTicksAndRejections (node:internal/process/task_queues:96:5)
    at async /Users/ymfsder/WebstormProjects/bmj-online-server/app.js:58:5
    at async serve (/Users/ymfsder/WebstormProjects/bmj-online-server/node_modules/koa-static/index.js:53:9)
    at async logger (/Users/ymfsder/WebstormProjects/bmj-online-server/node_modules/koa-logger/index.js:67:7)
    at async bodyParser (/Users/ymfsder/WebstormProjects/bmj-online-server/node_modules/koa-bodyparser/index.js:95:5)
[2022-06-22T10:04:30.722] [ERROR] error - 查询异常TypeError: Cannot read properties of undefined (reading 'arrayIndex')
    at /Users/ymfsder/WebstormProjects/bmj-online-server/routes/competes.js:323:42
    at processTicksAndRejections (node:internal/process/task_queues:96:5)
    at async /Users/ymfsder/WebstormProjects/bmj-online-server/app.js:58:5
    at async serve (/Users/ymfsder/WebstormProjects/bmj-online-server/node_modules/koa-static/index.js:53:9)
    at async logger (/Users/ymfsder/WebstormProjects/bmj-online-server/node_modules/koa-logger/index.js:67:7)
    at async bodyParser (/Users/ymfsder/WebstormProjects/bmj-online-server/node_modules/koa-bodyparser/index.js:95:5)
[2022-06-22T10:37:44.851] [ERROR] error - 查询异常TypeError: Cannot read properties of undefined (reading 'arrayIndex')
    at /Users/ymfsder/WebstormProjects/bmj-online-server/routes/competes.js:323:49
    at runMicrotasks (<anonymous>)
    at processTicksAndRejections (node:internal/process/task_queues:96:5)
    at async /Users/ymfsder/WebstormProjects/bmj-online-server/app.js:58:5
    at async serve (/Users/ymfsder/WebstormProjects/bmj-online-server/node_modules/koa-static/index.js:53:9)
    at async logger (/Users/ymfsder/WebstormProjects/bmj-online-server/node_modules/koa-logger/index.js:67:7)
    at async bodyParser (/Users/ymfsder/WebstormProjects/bmj-online-server/node_modules/koa-bodyparser/index.js:95:5)
[2022-06-22T10:37:56.764] [ERROR] error - 查询异常TypeError: Cannot read properties of undefined (reading 'arrayIndex')
    at /Users/ymfsder/WebstormProjects/bmj-online-server/routes/competes.js:323:49
    at runMicrotasks (<anonymous>)
    at processTicksAndRejections (node:internal/process/task_queues:96:5)
    at async /Users/ymfsder/WebstormProjects/bmj-online-server/app.js:58:5
    at async serve (/Users/ymfsder/WebstormProjects/bmj-online-server/node_modules/koa-static/index.js:53:9)
    at async logger (/Users/ymfsder/WebstormProjects/bmj-online-server/node_modules/koa-logger/index.js:67:7)
    at async bodyParser (/Users/ymfsder/WebstormProjects/bmj-online-server/node_modules/koa-bodyparser/index.js:95:5)
[2022-06-22T11:01:55.458] [ERROR] error - 查询异常TypeError: Cannot read properties of undefined (reading 'arrayIndex')
    at /Users/ymfsder/WebstormProjects/bmj-online-server/routes/competes.js:323:49
    at processTicksAndRejections (node:internal/process/task_queues:96:5)
    at async /Users/ymfsder/WebstormProjects/bmj-online-server/app.js:58:5
    at async serve (/Users/ymfsder/WebstormProjects/bmj-online-server/node_modules/koa-static/index.js:53:9)
    at async logger (/Users/ymfsder/WebstormProjects/bmj-online-server/node_modules/koa-logger/index.js:67:7)
    at async bodyParser (/Users/ymfsder/WebstormProjects/bmj-online-server/node_modules/koa-bodyparser/index.js:95:5)
[2022-06-22T11:01:58.141] [ERROR] error - 查询异常TypeError: Cannot read properties of undefined (reading 'arrayIndex')
    at /Users/ymfsder/WebstormProjects/bmj-online-server/routes/competes.js:323:49
    at processTicksAndRejections (node:internal/process/task_queues:96:5)
    at async /Users/ymfsder/WebstormProjects/bmj-online-server/app.js:58:5
    at async serve (/Users/ymfsder/WebstormProjects/bmj-online-server/node_modules/koa-static/index.js:53:9)
    at async logger (/Users/ymfsder/WebstormProjects/bmj-online-server/node_modules/koa-logger/index.js:67:7)
    at async bodyParser (/Users/ymfsder/WebstormProjects/bmj-online-server/node_modules/koa-bodyparser/index.js:95:5)
[2022-06-22T11:02:06.298] [ERROR] error - 查询异常TypeError: Cannot read properties of undefined (reading 'arrayIndex')
    at /Users/ymfsder/WebstormProjects/bmj-online-server/routes/competes.js:323:49
    at processTicksAndRejections (node:internal/process/task_queues:96:5)
    at async /Users/ymfsder/WebstormProjects/bmj-online-server/app.js:58:5
    at async serve (/Users/ymfsder/WebstormProjects/bmj-online-server/node_modules/koa-static/index.js:53:9)
    at async logger (/Users/ymfsder/WebstormProjects/bmj-online-server/node_modules/koa-logger/index.js:67:7)
    at async bodyParser (/Users/ymfsder/WebstormProjects/bmj-online-server/node_modules/koa-bodyparser/index.js:95:5)
[2022-06-22T11:02:10.200] [ERROR] error - 查询异常TypeError: Cannot read properties of undefined (reading 'arrayIndex')
    at /Users/ymfsder/WebstormProjects/bmj-online-server/routes/competes.js:323:49
    at processTicksAndRejections (node:internal/process/task_queues:96:5)
    at async /Users/ymfsder/WebstormProjects/bmj-online-server/app.js:58:5
    at async serve (/Users/ymfsder/WebstormProjects/bmj-online-server/node_modules/koa-static/index.js:53:9)
    at async logger (/Users/ymfsder/WebstormProjects/bmj-online-server/node_modules/koa-logger/index.js:67:7)
    at async bodyParser (/Users/ymfsder/WebstormProjects/bmj-online-server/node_modules/koa-bodyparser/index.js:95:5)
[2022-06-22T11:02:18.125] [ERROR] error - 查询异常TypeError: Cannot read properties of undefined (reading 'arrayIndex')
    at /Users/ymfsder/WebstormProjects/bmj-online-server/routes/competes.js:323:49
    at processTicksAndRejections (node:internal/process/task_queues:96:5)
    at async /Users/ymfsder/WebstormProjects/bmj-online-server/app.js:58:5
    at async serve (/Users/ymfsder/WebstormProjects/bmj-online-server/node_modules/koa-static/index.js:53:9)
    at async logger (/Users/ymfsder/WebstormProjects/bmj-online-server/node_modules/koa-logger/index.js:67:7)
    at async bodyParser (/Users/ymfsder/WebstormProjects/bmj-online-server/node_modules/koa-bodyparser/index.js:95:5)
[2022-06-22T11:02:19.453] [ERROR] error - 查询异常TypeError: Cannot read properties of undefined (reading 'arrayIndex')
    at /Users/ymfsder/WebstormProjects/bmj-online-server/routes/competes.js:323:49
    at processTicksAndRejections (node:internal/process/task_queues:96:5)
    at async /Users/ymfsder/WebstormProjects/bmj-online-server/app.js:58:5
    at async serve (/Users/ymfsder/WebstormProjects/bmj-online-server/node_modules/koa-static/index.js:53:9)
    at async logger (/Users/ymfsder/WebstormProjects/bmj-online-server/node_modules/koa-logger/index.js:67:7)
    at async bodyParser (/Users/ymfsder/WebstormProjects/bmj-online-server/node_modules/koa-bodyparser/index.js:95:5)
[2022-06-22T11:02:32.031] [ERROR] error - 查询异常TypeError: Cannot read properties of undefined (reading 'arrayIndex')
    at /Users/ymfsder/WebstormProjects/bmj-online-server/routes/competes.js:323:49
    at processTicksAndRejections (node:internal/process/task_queues:96:5)
    at async /Users/ymfsder/WebstormProjects/bmj-online-server/app.js:58:5
    at async serve (/Users/ymfsder/WebstormProjects/bmj-online-server/node_modules/koa-static/index.js:53:9)
    at async logger (/Users/ymfsder/WebstormProjects/bmj-online-server/node_modules/koa-logger/index.js:67:7)
    at async bodyParser (/Users/ymfsder/WebstormProjects/bmj-online-server/node_modules/koa-bodyparser/index.js:95:5)
[2022-06-22T11:24:05.071] [ERROR] error - 查询异常TypeError: Cannot read properties of undefined (reading 'arrayIndex')
    at /Users/ymfsder/WebstormProjects/bmj-online-server/routes/competes.js:323:49
    at processTicksAndRejections (node:internal/process/task_queues:96:5)
    at async /Users/ymfsder/WebstormProjects/bmj-online-server/app.js:58:5
    at async serve (/Users/ymfsder/WebstormProjects/bmj-online-server/node_modules/koa-static/index.js:53:9)
    at async logger (/Users/ymfsder/WebstormProjects/bmj-online-server/node_modules/koa-logger/index.js:67:7)
    at async bodyParser (/Users/ymfsder/WebstormProjects/bmj-online-server/node_modules/koa-bodyparser/index.js:95:5)
[2022-06-22T11:24:06.648] [ERROR] error - 查询异常TypeError: Cannot read properties of undefined (reading 'arrayIndex')
    at /Users/ymfsder/WebstormProjects/bmj-online-server/routes/competes.js:323:49
    at processTicksAndRejections (node:internal/process/task_queues:96:5)
    at async /Users/ymfsder/WebstormProjects/bmj-online-server/app.js:58:5
    at async serve (/Users/ymfsder/WebstormProjects/bmj-online-server/node_modules/koa-static/index.js:53:9)
    at async logger (/Users/ymfsder/WebstormProjects/bmj-online-server/node_modules/koa-logger/index.js:67:7)
    at async bodyParser (/Users/ymfsder/WebstormProjects/bmj-online-server/node_modules/koa-bodyparser/index.js:95:5)
[2022-06-22T11:24:14.135] [ERROR] error - 查询异常TypeError: Cannot read properties of undefined (reading 'arrayIndex')
    at /Users/ymfsder/WebstormProjects/bmj-online-server/routes/competes.js:323:49
    at processTicksAndRejections (node:internal/process/task_queues:96:5)
    at async /Users/ymfsder/WebstormProjects/bmj-online-server/app.js:58:5
    at async serve (/Users/ymfsder/WebstormProjects/bmj-online-server/node_modules/koa-static/index.js:53:9)
    at async logger (/Users/ymfsder/WebstormProjects/bmj-online-server/node_modules/koa-logger/index.js:67:7)
    at async bodyParser (/Users/ymfsder/WebstormProjects/bmj-online-server/node_modules/koa-bodyparser/index.js:95:5)
[2022-06-22T11:24:15.192] [ERROR] error - 查询异常TypeError: Cannot read properties of undefined (reading 'arrayIndex')
    at /Users/ymfsder/WebstormProjects/bmj-online-server/routes/competes.js:323:49
    at processTicksAndRejections (node:internal/process/task_queues:96:5)
    at async /Users/ymfsder/WebstormProjects/bmj-online-server/app.js:58:5
    at async serve (/Users/ymfsder/WebstormProjects/bmj-online-server/node_modules/koa-static/index.js:53:9)
    at async logger (/Users/ymfsder/WebstormProjects/bmj-online-server/node_modules/koa-logger/index.js:67:7)
    at async bodyParser (/Users/ymfsder/WebstormProjects/bmj-online-server/node_modules/koa-bodyparser/index.js:95:5)
[2022-06-22T11:28:22.944] [ERROR] error - 查询异常TypeError: Cannot read properties of undefined (reading 'arrayIndex')
    at /Users/ymfsder/WebstormProjects/bmj-online-server/routes/competes.js:323:49
    at processTicksAndRejections (node:internal/process/task_queues:96:5)
    at async /Users/ymfsder/WebstormProjects/bmj-online-server/app.js:58:5
    at async serve (/Users/ymfsder/WebstormProjects/bmj-online-server/node_modules/koa-static/index.js:53:9)
    at async logger (/Users/ymfsder/WebstormProjects/bmj-online-server/node_modules/koa-logger/index.js:67:7)
    at async bodyParser (/Users/ymfsder/WebstormProjects/bmj-online-server/node_modules/koa-bodyparser/index.js:95:5)
[2022-06-22T11:28:25.832] [ERROR] error - 查询异常TypeError: Cannot read properties of undefined (reading 'arrayIndex')
    at /Users/ymfsder/WebstormProjects/bmj-online-server/routes/competes.js:323:49
    at processTicksAndRejections (node:internal/process/task_queues:96:5)
    at async /Users/ymfsder/WebstormProjects/bmj-online-server/app.js:58:5
    at async serve (/Users/ymfsder/WebstormProjects/bmj-online-server/node_modules/koa-static/index.js:53:9)
    at async logger (/Users/ymfsder/WebstormProjects/bmj-online-server/node_modules/koa-logger/index.js:67:7)
    at async bodyParser (/Users/ymfsder/WebstormProjects/bmj-online-server/node_modules/koa-bodyparser/index.js:95:5)
[2022-06-22T11:28:27.124] [ERROR] error - 查询异常TypeError: Cannot read properties of undefined (reading 'arrayIndex')
    at /Users/ymfsder/WebstormProjects/bmj-online-server/routes/competes.js:323:49
    at processTicksAndRejections (node:internal/process/task_queues:96:5)
    at async /Users/ymfsder/WebstormProjects/bmj-online-server/app.js:58:5
    at async serve (/Users/ymfsder/WebstormProjects/bmj-online-server/node_modules/koa-static/index.js:53:9)
    at async logger (/Users/ymfsder/WebstormProjects/bmj-online-server/node_modules/koa-logger/index.js:67:7)
    at async bodyParser (/Users/ymfsder/WebstormProjects/bmj-online-server/node_modules/koa-bodyparser/index.js:95:5)
[2022-06-22T11:28:29.295] [ERROR] error - 查询异常TypeError: Cannot read properties of undefined (reading 'arrayIndex')
    at /Users/ymfsder/WebstormProjects/bmj-online-server/routes/competes.js:323:49
    at processTicksAndRejections (node:internal/process/task_queues:96:5)
    at async /Users/ymfsder/WebstormProjects/bmj-online-server/app.js:58:5
    at async serve (/Users/ymfsder/WebstormProjects/bmj-online-server/node_modules/koa-static/index.js:53:9)
    at async logger (/Users/ymfsder/WebstormProjects/bmj-online-server/node_modules/koa-logger/index.js:67:7)
    at async bodyParser (/Users/ymfsder/WebstormProjects/bmj-online-server/node_modules/koa-bodyparser/index.js:95:5)
[2022-06-22T13:12:07.453] [ERROR] error - 查询异常TypeError: Cannot read properties of undefined (reading 'arrayIndex')
    at /Users/ymfsder/WebstormProjects/bmj-online-server/routes/competes.js:323:49
    at runMicrotasks (<anonymous>)
    at processTicksAndRejections (node:internal/process/task_queues:96:5)
    at async /Users/ymfsder/WebstormProjects/bmj-online-server/app.js:58:5
    at async serve (/Users/ymfsder/WebstormProjects/bmj-online-server/node_modules/koa-static/index.js:53:9)
    at async logger (/Users/ymfsder/WebstormProjects/bmj-online-server/node_modules/koa-logger/index.js:67:7)
    at async bodyParser (/Users/ymfsder/WebstormProjects/bmj-online-server/node_modules/koa-bodyparser/index.js:95:5)
[2022-06-22T13:12:09.827] [ERROR] error - 查询异常TypeError: Cannot read properties of undefined (reading 'arrayIndex')
    at /Users/ymfsder/WebstormProjects/bmj-online-server/routes/competes.js:323:49
    at runMicrotasks (<anonymous>)
    at processTicksAndRejections (node:internal/process/task_queues:96:5)
    at async /Users/ymfsder/WebstormProjects/bmj-online-server/app.js:58:5
    at async serve (/Users/ymfsder/WebstormProjects/bmj-online-server/node_modules/koa-static/index.js:53:9)
    at async logger (/Users/ymfsder/WebstormProjects/bmj-online-server/node_modules/koa-logger/index.js:67:7)
    at async bodyParser (/Users/ymfsder/WebstormProjects/bmj-online-server/node_modules/koa-bodyparser/index.js:95:5)
[2022-06-22T13:12:12.675] [ERROR] error - 查询异常TypeError: Cannot read properties of undefined (reading 'arrayIndex')
    at /Users/ymfsder/WebstormProjects/bmj-online-server/routes/competes.js:323:49
    at runMicrotasks (<anonymous>)
    at processTicksAndRejections (node:internal/process/task_queues:96:5)
    at async /Users/ymfsder/WebstormProjects/bmj-online-server/app.js:58:5
    at async serve (/Users/ymfsder/WebstormProjects/bmj-online-server/node_modules/koa-static/index.js:53:9)
    at async logger (/Users/ymfsder/WebstormProjects/bmj-online-server/node_modules/koa-logger/index.js:67:7)
    at async bodyParser (/Users/ymfsder/WebstormProjects/bmj-online-server/node_modules/koa-bodyparser/index.js:95:5)
[2022-06-22T13:12:20.420] [ERROR] error - 查询异常TypeError: Cannot read properties of undefined (reading 'arrayIndex')
    at /Users/ymfsder/WebstormProjects/bmj-online-server/routes/competes.js:323:49
    at runMicrotasks (<anonymous>)
    at processTicksAndRejections (node:internal/process/task_queues:96:5)
    at async /Users/ymfsder/WebstormProjects/bmj-online-server/app.js:58:5
    at async serve (/Users/ymfsder/WebstormProjects/bmj-online-server/node_modules/koa-static/index.js:53:9)
    at async logger (/Users/ymfsder/WebstormProjects/bmj-online-server/node_modules/koa-logger/index.js:67:7)
    at async bodyParser (/Users/ymfsder/WebstormProjects/bmj-online-server/node_modules/koa-bodyparser/index.js:95:5)
[2022-06-22T13:12:24.715] [ERROR] error - 查询异常TypeError: Cannot read properties of undefined (reading 'arrayIndex')
    at /Users/ymfsder/WebstormProjects/bmj-online-server/routes/competes.js:323:49
    at runMicrotasks (<anonymous>)
    at processTicksAndRejections (node:internal/process/task_queues:96:5)
    at async /Users/ymfsder/WebstormProjects/bmj-online-server/app.js:58:5
    at async serve (/Users/ymfsder/WebstormProjects/bmj-online-server/node_modules/koa-static/index.js:53:9)
    at async logger (/Users/ymfsder/WebstormProjects/bmj-online-server/node_modules/koa-logger/index.js:67:7)
    at async bodyParser (/Users/ymfsder/WebstormProjects/bmj-online-server/node_modules/koa-bodyparser/index.js:95:5)
[2022-06-22T13:12:32.869] [ERROR] error - 查询异常TypeError: Cannot read properties of undefined (reading 'arrayIndex')
    at /Users/ymfsder/WebstormProjects/bmj-online-server/routes/competes.js:323:49
    at runMicrotasks (<anonymous>)
    at processTicksAndRejections (node:internal/process/task_queues:96:5)
    at async /Users/ymfsder/WebstormProjects/bmj-online-server/app.js:58:5
    at async serve (/Users/ymfsder/WebstormProjects/bmj-online-server/node_modules/koa-static/index.js:53:9)
    at async logger (/Users/ymfsder/WebstormProjects/bmj-online-server/node_modules/koa-logger/index.js:67:7)
    at async bodyParser (/Users/ymfsder/WebstormProjects/bmj-online-server/node_modules/koa-bodyparser/index.js:95:5)
[2022-06-22T13:12:34.924] [ERROR] error - 查询异常TypeError: Cannot read properties of undefined (reading 'arrayIndex')
    at /Users/ymfsder/WebstormProjects/bmj-online-server/routes/competes.js:323:49
    at runMicrotasks (<anonymous>)
    at processTicksAndRejections (node:internal/process/task_queues:96:5)
    at async /Users/ymfsder/WebstormProjects/bmj-online-server/app.js:58:5
    at async serve (/Users/ymfsder/WebstormProjects/bmj-online-server/node_modules/koa-static/index.js:53:9)
    at async logger (/Users/ymfsder/WebstormProjects/bmj-online-server/node_modules/koa-logger/index.js:67:7)
    at async bodyParser (/Users/ymfsder/WebstormProjects/bmj-online-server/node_modules/koa-bodyparser/index.js:95:5)
[2022-06-22T13:12:38.586] [ERROR] error - 查询异常TypeError: Cannot read properties of undefined (reading 'arrayIndex')
    at /Users/ymfsder/WebstormProjects/bmj-online-server/routes/competes.js:323:49
    at runMicrotasks (<anonymous>)
    at processTicksAndRejections (node:internal/process/task_queues:96:5)
    at async /Users/ymfsder/WebstormProjects/bmj-online-server/app.js:58:5
    at async serve (/Users/ymfsder/WebstormProjects/bmj-online-server/node_modules/koa-static/index.js:53:9)
    at async logger (/Users/ymfsder/WebstormProjects/bmj-online-server/node_modules/koa-logger/index.js:67:7)
    at async bodyParser (/Users/ymfsder/WebstormProjects/bmj-online-server/node_modules/koa-bodyparser/index.js:95:5)
[2022-06-22T13:12:40.151] [ERROR] error - 查询异常TypeError: Cannot read properties of undefined (reading 'arrayIndex')
    at /Users/ymfsder/WebstormProjects/bmj-online-server/routes/competes.js:323:49
    at runMicrotasks (<anonymous>)
    at processTicksAndRejections (node:internal/process/task_queues:96:5)
    at async /Users/ymfsder/WebstormProjects/bmj-online-server/app.js:58:5
    at async serve (/Users/ymfsder/WebstormProjects/bmj-online-server/node_modules/koa-static/index.js:53:9)
    at async logger (/Users/ymfsder/WebstormProjects/bmj-online-server/node_modules/koa-logger/index.js:67:7)
    at async bodyParser (/Users/ymfsder/WebstormProjects/bmj-online-server/node_modules/koa-bodyparser/index.js:95:5)
[2022-06-22T13:13:25.959] [ERROR] error - 查询异常TypeError: Cannot read properties of undefined (reading 'arrayIndex')
    at /Users/ymfsder/WebstormProjects/bmj-online-server/routes/competes.js:323:49
    at runMicrotasks (<anonymous>)
    at processTicksAndRejections (node:internal/process/task_queues:96:5)
    at async /Users/ymfsder/WebstormProjects/bmj-online-server/app.js:58:5
    at async serve (/Users/ymfsder/WebstormProjects/bmj-online-server/node_modules/koa-static/index.js:53:9)
    at async logger (/Users/ymfsder/WebstormProjects/bmj-online-server/node_modules/koa-logger/index.js:67:7)
    at async bodyParser (/Users/ymfsder/WebstormProjects/bmj-online-server/node_modules/koa-bodyparser/index.js:95:5)
[2022-06-22T13:13:28.957] [ERROR] error - 查询异常TypeError: Cannot read properties of undefined (reading 'arrayIndex')
    at /Users/ymfsder/WebstormProjects/bmj-online-server/routes/competes.js:323:49
    at runMicrotasks (<anonymous>)
    at processTicksAndRejections (node:internal/process/task_queues:96:5)
    at async /Users/ymfsder/WebstormProjects/bmj-online-server/app.js:58:5
    at async serve (/Users/ymfsder/WebstormProjects/bmj-online-server/node_modules/koa-static/index.js:53:9)
    at async logger (/Users/ymfsder/WebstormProjects/bmj-online-server/node_modules/koa-logger/index.js:67:7)
    at async bodyParser (/Users/ymfsder/WebstormProjects/bmj-online-server/node_modules/koa-bodyparser/index.js:95:5)
[2022-06-22T13:13:31.833] [ERROR] error - 查询异常TypeError: Cannot read properties of undefined (reading 'arrayIndex')
    at /Users/ymfsder/WebstormProjects/bmj-online-server/routes/competes.js:323:49
    at runMicrotasks (<anonymous>)
    at processTicksAndRejections (node:internal/process/task_queues:96:5)
    at async /Users/ymfsder/WebstormProjects/bmj-online-server/app.js:58:5
    at async serve (/Users/ymfsder/WebstormProjects/bmj-online-server/node_modules/koa-static/index.js:53:9)
    at async logger (/Users/ymfsder/WebstormProjects/bmj-online-server/node_modules/koa-logger/index.js:67:7)
    at async bodyParser (/Users/ymfsder/WebstormProjects/bmj-online-server/node_modules/koa-bodyparser/index.js:95:5)
[2022-06-22T13:13:33.424] [ERROR] error - 查询异常TypeError: Cannot read properties of undefined (reading 'arrayIndex')
    at /Users/ymfsder/WebstormProjects/bmj-online-server/routes/competes.js:323:49
    at runMicrotasks (<anonymous>)
    at processTicksAndRejections (node:internal/process/task_queues:96:5)
    at async /Users/ymfsder/WebstormProjects/bmj-online-server/app.js:58:5
    at async serve (/Users/ymfsder/WebstormProjects/bmj-online-server/node_modules/koa-static/index.js:53:9)
    at async logger (/Users/ymfsder/WebstormProjects/bmj-online-server/node_modules/koa-logger/index.js:67:7)
    at async bodyParser (/Users/ymfsder/WebstormProjects/bmj-online-server/node_modules/koa-bodyparser/index.js:95:5)
